Using pre-set license
Built from '2022.3/staging' branch; Version is '2022.3.46f1 (8e9b8558c41a) revision 9345925'; Using compiler version '192829333'; Build Type 'Release'
OS: 'Windows 10  (10.0.19045) 64bit Professional' Language: 'en' Physical Memory: 16304 MB
BatchMode: 1, IsHumanControllingUs: 0, StartBugReporterOnCrash: 0, Is64bit: 1, IsPro: 1

COMMAND LINE ARGUMENTS:
D:\Unity Editor\2022.3.46f1\Editor\Unity.exe
-adb2
-batchMode
-noUpm
-name
AssetImportWorker2
-projectPath
C:/Users/arash/OneDrive/Desktop/Unity/Project/Brothers-At-War
-logFile
Logs/AssetImportWorker2.log
-srvPort
59219
Successfully changed project path to: C:/Users/arash/OneDrive/Desktop/Unity/Project/Brothers-At-War
C:/Users/arash/OneDrive/Desktop/Unity/Project/Brothers-At-War
[UnityMemory] Configuration Parameters - Can be set up in boot.config
    "memorysetup-bucket-allocator-granularity=16"
    "memorysetup-bucket-allocator-bucket-count=8"
    "memorysetup-bucket-allocator-block-size=33554432"
    "memorysetup-bucket-allocator-block-count=8"
    "memorysetup-main-allocator-block-size=16777216"
    "memorysetup-thread-allocator-block-size=16777216"
    "memorysetup-gfx-main-allocator-block-size=16777216"
    "memorysetup-gfx-thread-allocator-block-size=16777216"
    "memorysetup-cache-allocator-block-size=4194304"
    "memorysetup-typetree-allocator-block-size=2097152"
    "memorysetup-profiler-bucket-allocator-granularity=16"
    "memorysetup-profiler-bucket-allocator-bucket-count=8"
    "memorysetup-profiler-bucket-allocator-block-size=33554432"
    "memorysetup-profiler-bucket-allocator-block-count=8"
    "memorysetup-profiler-allocator-block-size=16777216"
    "memorysetup-profiler-editor-allocator-block-size=1048576"
    "memorysetup-temp-allocator-size-main=16777216"
    "memorysetup-job-temp-allocator-block-size=2097152"
    "memorysetup-job-temp-allocator-block-size-background=1048576"
    "memorysetup-job-temp-allocator-reduction-small-platforms=262144"
    "memorysetup-allocator-temp-initial-block-size-main=262144"
    "memorysetup-allocator-temp-initial-block-size-worker=262144"
    "memorysetup-temp-allocator-size-background-worker=32768"
    "memorysetup-temp-allocator-size-job-worker=262144"
    "memorysetup-temp-allocator-size-preload-manager=33554432"
    "memorysetup-temp-allocator-size-nav-mesh-worker=65536"
    "memorysetup-temp-allocator-size-audio-worker=65536"
    "memorysetup-temp-allocator-size-cloud-worker=32768"
    "memorysetup-temp-allocator-size-gi-baking-worker=262144"
    "memorysetup-temp-allocator-size-gfx=262144"
Player connection [8280]  Target information:

Player connection [8280]  * "[IP] 134.190.224.180 [Port] 0 [Flags] 2 [Guid] 3591649640 [EditorId] 3591649640 [Version] 1048832 [Id] WindowsEditor(7,DESKTOP-7G929BC) [Debug] 1 [PackageName] WindowsEditor [ProjectName] Editor" 

Player connection [8280] Host joined multi-casting on [225.0.0.222:54997]...
Player connection [8280] Host joined alternative multi-casting on [225.0.0.222:34997]...
[PhysX] Initialized MultithreadedTaskDispatcher with 8 workers.
Refreshing native plugins compatible for Editor in 20.84 ms, found 3 plugins.
Preloading 0 native plugins for Editor in 0.00 ms.
Initialize engine version: 2022.3.46f1 (8e9b8558c41a)
[Subsystems] Discovering subsystems at path D:/Unity Editor/2022.3.46f1/Editor/Data/Resources/UnitySubsystems
[Subsystems] Discovering subsystems at path C:/Users/arash/OneDrive/Desktop/Unity/Project/Brothers-At-War/Assets
GfxDevice: creating device client; threaded=0; jobified=0
Direct3D:
    Version:  Direct3D 11.0 [level 11.0]
    Renderer: NVIDIA GeForce GTX 850M (ID=0x1391)
    Vendor:   NVIDIA
    VRAM:     2010 MB
    Driver:   30.0.15.1179
Initialize mono
Mono path[0] = 'D:/Unity Editor/2022.3.46f1/Editor/Data/Managed'
Mono path[1] = 'D:/Unity Editor/2022.3.46f1/Editor/Data/MonoBleedingEdge/lib/mono/unityjit-win32'
Mono config path = 'D:/Unity Editor/2022.3.46f1/Editor/Data/MonoBleedingEdge/etc'
Using monoOptions --debugger-agent=transport=dt_socket,embedding=1,server=y,suspend=n,address=127.0.0.1:56076
Begin MonoManager ReloadAssembly
Registering precompiled unity dll's ...
Register platform support module: D:/Unity Editor/2022.3.46f1/Editor/Data/PlaybackEngines/WindowsStandaloneSupport/UnityEditor.WindowsStandalone.Extensions.dll
Registered in 0.011005 seconds.
- Loaded All Assemblies, in  1.141 seconds
Native extension for WindowsStandalone target not found
Mono: successfully reloaded assembly
- Finished resetting the current domain, in  1.350 seconds
Domain Reload Profiling: 2490ms
	BeginReloadAssembly (233ms)
		ExecutionOrderSort (0ms)
		DisableScriptedObjects (0ms)
		BackupInstance (0ms)
		ReleaseScriptingObjects (0ms)
		CreateAndSetChildDomain (2ms)
	RebuildCommonClasses (80ms)
	RebuildNativeTypeToScriptingClass (42ms)
	initialDomainReloadingComplete (136ms)
	LoadAllAssembliesAndSetupDomain (648ms)
		LoadAssemblies (231ms)
		RebuildTransferFunctionScriptingTraits (0ms)
		AnalyzeDomain (642ms)
			TypeCache.Refresh (623ms)
				TypeCache.ScanAssembly (582ms)
			ScanForSourceGeneratedMonoScriptInfo (1ms)
			ResolveRequiredComponents (1ms)
	FinalizeReload (1351ms)
		ReleaseScriptCaches (0ms)
		RebuildScriptCaches (0ms)
		SetupLoadedEditorAssemblies (932ms)
			LogAssemblyErrors (0ms)
			InitializePlatformSupportModulesInManaged (35ms)
			SetLoadedEditorAssemblies (30ms)
			RefreshPlugins (0ms)
			BeforeProcessingInitializeOnLoad (8ms)
			ProcessInitializeOnLoadAttributes (697ms)
			ProcessInitializeOnLoadMethodAttributes (162ms)
			AfterProcessingInitializeOnLoad (0ms)
			EditorAssembliesLoaded (0ms)
		ExecutionOrderSort2 (0ms)
		AwakeInstancesAfterBackupRestoration (0ms)
========================================================================
Worker process is ready to serve import requests
Caller must complete domain reload
Begin MonoManager ReloadAssembly
- Loaded All Assemblies, in  2.584 seconds
Native extension for WindowsStandalone target not found
Package Manager log level set to [2]
[Package Manager] Server::EnsureServerProcessIsRunning -- launch failed, reason: Unity was launched with the -noUpm command-line argument
[Package Manager] UpmClient::Send -- Unable to send message (not connected to UPM process).
[Package Manager] Cannot connect to Unity Package Manager local server
Mono: successfully reloaded assembly
- Finished resetting the current domain, in  2.824 seconds
Domain Reload Profiling: 5407ms
	BeginReloadAssembly (457ms)
		ExecutionOrderSort (0ms)
		DisableScriptedObjects (20ms)
		BackupInstance (0ms)
		ReleaseScriptingObjects (0ms)
		CreateAndSetChildDomain (63ms)
	RebuildCommonClasses (98ms)
	RebuildNativeTypeToScriptingClass (31ms)
	initialDomainReloadingComplete (91ms)
	LoadAllAssembliesAndSetupDomain (1905ms)
		LoadAssemblies (1009ms)
		RebuildTransferFunctionScriptingTraits (0ms)
		AnalyzeDomain (1152ms)
			TypeCache.Refresh (1003ms)
				TypeCache.ScanAssembly (887ms)
			ScanForSourceGeneratedMonoScriptInfo (107ms)
			ResolveRequiredComponents (36ms)
	FinalizeReload (2826ms)
		ReleaseScriptCaches (0ms)
		RebuildScriptCaches (0ms)
		SetupLoadedEditorAssemblies (2205ms)
			LogAssemblyErrors (0ms)
			InitializePlatformSupportModulesInManaged (19ms)
			SetLoadedEditorAssemblies (19ms)
			RefreshPlugins (0ms)
			BeforeProcessingInitializeOnLoad (512ms)
			ProcessInitializeOnLoadAttributes (1585ms)
			ProcessInitializeOnLoadMethodAttributes (62ms)
			AfterProcessingInitializeOnLoad (8ms)
			EditorAssembliesLoaded (0ms)
		ExecutionOrderSort2 (0ms)
		AwakeInstancesAfterBackupRestoration (17ms)
Launched and connected shader compiler UnityShaderCompiler.exe after 0.08 seconds
Refreshing native plugins compatible for Editor in 8.63 ms, found 3 plugins.
Preloading 0 native plugins for Editor in 0.00 ms.
Unloading 4020 Unused Serialized files (Serialized files now loaded: 0)
Unloading 57 unused Assets / (1.8 MB). Loaded Objects now: 4511.
Memory consumption went from 203.6 MB to 201.8 MB.
Total: 9.101700 ms (FindLiveObjects: 0.876000 ms CreateObjectMapping: 0.425600 ms MarkObjects: 6.029300 ms  DeleteObjects: 1.768900 ms)

AssetImportParameters requested are different than current active one (requested -> active):
  custom:container-demuxer-ogg: 62fdf1f143b41e24485cea50d1cbac27 -> 
  custom:video-decoder-ogg-theora: a1e56fd34408186e4bbccfd4996cb3dc -> 
  custom:framework-win-MediaFoundation: 216162199b28c13a410421893ffa2e32 -> 
  custom:CustomObjectIndexerAttribute: 9a22284fe3817be447336de3de66b15e -> 
  custom:container-demuxer-webm: 4f35f7cbe854078d1ac9338744f61a02 -> 
  custom:container-muxer-webm: aa71ff27fc2769a1b78a27578f13a17b -> 
  custom:video-decoder-webm-vp8: 9c59270c3fd7afecdb556c50c9e8de78 -> 
  custom:SearchIndexIgnoredProperties: e643bd26f0fe6173181afceb89e7c659 -> 
  custom:AudioImporter_EditorPlatform: d09bf68614088b80899f8185d706f6e7 -> 
  custom:video-encoder-webm-vp8: eb34c28f22e8b96e1ab97ce403110664 -> 
  custom:audio-decoder-ogg-vorbis: bf7c407c2cedff20999df2af8eb42d56 -> 
  custom:audio-encoder-webm-vorbis: bf7c407c2cedff20999df2af8eb42d56 -> 
========================================================================
Received Import Request.
  Time since last request: 274443.397351 seconds.
  path: Assets/Stylize Water Texture/Textures/Vol_36_5_Roughness.png
  artifactKey: Guid(f10d29a80bdd36144b8303811abc46ff) Importer(815301076,1909f56bfc062723c751e8b465ee728b)
Start importing Assets/Stylize Water Texture/Textures/Vol_36_5_Roughness.png using Guid(f10d29a80bdd36144b8303811abc46ff) Importer(815301076,1909f56bfc062723c751e8b465ee728b) [PhysX] Initialized MultithreadedTaskDispatcher with 8 workers.
[PhysX] Initialized MultithreadedTaskDispatcher with 8 workers.
 -> (artifact id: 'c6578c585c3c51a0873bd5cff0ad4fd4') in 0.152658 seconds
Number of updated asset objects reloaded before import = 0
Number of asset objects unloaded after import = 2
========================================================================
Received Import Request.
  Time since last request: 0.000052 seconds.
  path: Assets/InfinitaStudio - Mountains/Textures/mountain_03_specular.png
  artifactKey: Guid(f4cd4a3aa6e44dd439608c655d2add9c) Importer(815301076,1909f56bfc062723c751e8b465ee728b)
Start importing Assets/InfinitaStudio - Mountains/Textures/mountain_03_specular.png using Guid(f4cd4a3aa6e44dd439608c655d2add9c) Importer(815301076,1909f56bfc062723c751e8b465ee728b) [PhysX] Initialized MultithreadedTaskDispatcher with 8 workers.
[PhysX] Initialized MultithreadedTaskDispatcher with 8 workers.
 -> (artifact id: '9205cf21d8e94b5e41558c740a716e2b') in 0.075255 seconds
Number of updated asset objects reloaded before import = 0
Number of asset objects unloaded after import = 2
========================================================================
Received Import Request.
  Time since last request: 0.000036 seconds.
  path: Assets/InfinitaStudio - Mountains/Textures/mountain_03_diffuse.png
  artifactKey: Guid(025c4488714657d4a8b02c2e66476e0d) Importer(815301076,1909f56bfc062723c751e8b465ee728b)
Start importing Assets/InfinitaStudio - Mountains/Textures/mountain_03_diffuse.png using Guid(025c4488714657d4a8b02c2e66476e0d) Importer(815301076,1909f56bfc062723c751e8b465ee728b) [PhysX] Initialized MultithreadedTaskDispatcher with 8 workers.
[PhysX] Initialized MultithreadedTaskDispatcher with 8 workers.
 -> (artifact id: '66f5bf055544c430501df0a71712ceaa') in 0.027477 seconds
Number of updated asset objects reloaded before import = 0
Number of asset objects unloaded after import = 2
========================================================================
Received Import Request.
  Time since last request: 0.000026 seconds.
  path: Assets/InfinitaStudio - Mountains/Textures/mountain_04_diffuse.png
  artifactKey: Guid(8ee713a0299ed674ca96509920d8c7ee) Importer(815301076,1909f56bfc062723c751e8b465ee728b)
Start importing Assets/InfinitaStudio - Mountains/Textures/mountain_04_diffuse.png using Guid(8ee713a0299ed674ca96509920d8c7ee) Importer(815301076,1909f56bfc062723c751e8b465ee728b) [PhysX] Initialized MultithreadedTaskDispatcher with 8 workers.
[PhysX] Initialized MultithreadedTaskDispatcher with 8 workers.
 -> (artifact id: '159e761598571b1c382c1a6a43cde304') in 0.051076 seconds
Number of updated asset objects reloaded before import = 0
Number of asset objects unloaded after import = 2
========================================================================
Received Import Request.
  Time since last request: 0.000038 seconds.
  path: Assets/InfinitaStudio - Mountains/Textures/mountain_02_specular.png
  artifactKey: Guid(c6195e341b65dce4bb239cdca3a8e6b1) Importer(815301076,1909f56bfc062723c751e8b465ee728b)
Start importing Assets/InfinitaStudio - Mountains/Textures/mountain_02_specular.png using Guid(c6195e341b65dce4bb239cdca3a8e6b1) Importer(815301076,1909f56bfc062723c751e8b465ee728b) [PhysX] Initialized MultithreadedTaskDispatcher with 8 workers.
[PhysX] Initialized MultithreadedTaskDispatcher with 8 workers.
 -> (artifact id: '0c88fae039b138363fc573f5bdc0dfa6') in 0.044711 seconds
Number of updated asset objects reloaded before import = 0
Number of asset objects unloaded after import = 2
========================================================================
Received Import Request.
  Time since last request: 0.000039 seconds.
  path: Assets/InfinitaStudio - Mountains/Textures/mountain_03_normal_map.png
  artifactKey: Guid(ffaf3a983a44eb14c90b852d1fd1444b) Importer(815301076,1909f56bfc062723c751e8b465ee728b)
Start importing Assets/InfinitaStudio - Mountains/Textures/mountain_03_normal_map.png using Guid(ffaf3a983a44eb14c90b852d1fd1444b) Importer(815301076,1909f56bfc062723c751e8b465ee728b) [PhysX] Initialized MultithreadedTaskDispatcher with 8 workers.
[PhysX] Initialized MultithreadedTaskDispatcher with 8 workers.
 -> (artifact id: 'f1cd2a5561d53e14b08cef7e2da022e3') in 0.129663 seconds
Number of updated asset objects reloaded before import = 0
Number of asset objects unloaded after import = 2
========================================================================
Received Import Request.
  Time since last request: 0.000039 seconds.
  path: Assets/InfinitaStudio - Mountains/Textures/mountain_01_specular.png
  artifactKey: Guid(2d840b226824ea940befabb80bdffaa5) Importer(815301076,1909f56bfc062723c751e8b465ee728b)
Start importing Assets/InfinitaStudio - Mountains/Textures/mountain_01_specular.png using Guid(2d840b226824ea940befabb80bdffaa5) Importer(815301076,1909f56bfc062723c751e8b465ee728b) [PhysX] Initialized MultithreadedTaskDispatcher with 8 workers.
[PhysX] Initialized MultithreadedTaskDispatcher with 8 workers.
 -> (artifact id: '4ced077cbd7f03f1e11a4d9e2eb8802a') in 0.087633 seconds
Number of updated asset objects reloaded before import = 0
Number of asset objects unloaded after import = 2
========================================================================
Received Import Request.
  Time since last request: 0.001254 seconds.
  path: Assets/InfinitaStudio - Mountains/Textures/mountain_05_specular.png
  artifactKey: Guid(d1cac1df8f83e014e93b7a0652a5feca) Importer(815301076,1909f56bfc062723c751e8b465ee728b)
Start importing Assets/InfinitaStudio - Mountains/Textures/mountain_05_specular.png using Guid(d1cac1df8f83e014e93b7a0652a5feca) Importer(815301076,1909f56bfc062723c751e8b465ee728b) [PhysX] Initialized MultithreadedTaskDispatcher with 8 workers.
[PhysX] Initialized MultithreadedTaskDispatcher with 8 workers.
 -> (artifact id: 'c36c2d035777145972c52ff619b4f6ae') in 0.039981 seconds
Number of updated asset objects reloaded before import = 0
Number of asset objects unloaded after import = 2
========================================================================
Received Import Request.
  Time since last request: 0.000051 seconds.
  path: Assets/Stylize Water Texture/Materials/Stylize Water Diffuse.mat
  artifactKey: Guid(db96e04f47f6c2a44bc6bb90f93602ec) Importer(815301076,1909f56bfc062723c751e8b465ee728b)
Start importing Assets/Stylize Water Texture/Materials/Stylize Water Diffuse.mat using Guid(db96e04f47f6c2a44bc6bb90f93602ec) Importer(815301076,1909f56bfc062723c751e8b465ee728b) [PhysX] Initialized MultithreadedTaskDispatcher with 8 workers.
[PhysX] Initialized MultithreadedTaskDispatcher with 8 workers.
 -> (artifact id: 'b5b91132a70eaffec2c1350c433116fe') in 0.109343 seconds
Number of updated asset objects reloaded before import = 0
Number of asset objects unloaded after import = 2
========================================================================
Received Import Request.
  Time since last request: 0.000068 seconds.
  path: Assets/InfinitaStudio - Mountains/Textures/mountain_05_diffuse.png
  artifactKey: Guid(6ea65d9db91a5af4e847fd87278fee9e) Importer(815301076,1909f56bfc062723c751e8b465ee728b)
Start importing Assets/InfinitaStudio - Mountains/Textures/mountain_05_diffuse.png using Guid(6ea65d9db91a5af4e847fd87278fee9e) Importer(815301076,1909f56bfc062723c751e8b465ee728b) [PhysX] Initialized MultithreadedTaskDispatcher with 8 workers.
[PhysX] Initialized MultithreadedTaskDispatcher with 8 workers.
 -> (artifact id: '199c7ab8c6c795b7523203527c94e04a') in 0.039240 seconds
Number of updated asset objects reloaded before import = 0
Number of asset objects unloaded after import = 2
========================================================================
Received Import Request.
  Time since last request: 0.000054 seconds.
  path: Assets/Stylize Water Texture/Textures/Vol_36_5_Emissive.png
  artifactKey: Guid(92de9fbb5fd25fe40a72ae7751d83b52) Importer(815301076,1909f56bfc062723c751e8b465ee728b)
Start importing Assets/Stylize Water Texture/Textures/Vol_36_5_Emissive.png using Guid(92de9fbb5fd25fe40a72ae7751d83b52) Importer(815301076,1909f56bfc062723c751e8b465ee728b) [PhysX] Initialized MultithreadedTaskDispatcher with 8 workers.
[PhysX] Initialized MultithreadedTaskDispatcher with 8 workers.
 -> (artifact id: '659d0ffc7e660dc623cdcf55a0c3925c') in 0.052508 seconds
Number of updated asset objects reloaded before import = 0
Number of asset objects unloaded after import = 2
========================================================================
Received Import Request.
  Time since last request: 155.958062 seconds.
  path: Assets/New Terrain 2.asset
  artifactKey: Guid(b6e86da6e8cbbcd4bac9d7f2db80175b) Importer(815301076,1909f56bfc062723c751e8b465ee728b)
Start importing Assets/New Terrain 2.asset using Guid(b6e86da6e8cbbcd4bac9d7f2db80175b) Importer(815301076,1909f56bfc062723c751e8b465ee728b) [PhysX] Initialized MultithreadedTaskDispatcher with 8 workers.
The tree Coconut_Palm_Tree03_AFS must use the Nature/Soft Occlusion shader. Otherwise billboarding/lighting will not work correctly.
[PhysX] Initialized MultithreadedTaskDispatcher with 8 workers.
 -> (artifact id: 'b46887488f25f2ed1a0107edd82dddc9') in 0.078907 seconds
Number of updated asset objects reloaded before import = 0
Number of asset objects unloaded after import = 12
========================================================================
Received Import Request.
  Time since last request: 64.142788 seconds.
  path: Assets/Materials
  artifactKey: Guid(bbf9b4d722523784081e6855d11e6204) Importer(815301076,1909f56bfc062723c751e8b465ee728b)
Start importing Assets/Materials using Guid(bbf9b4d722523784081e6855d11e6204) Importer(815301076,1909f56bfc062723c751e8b465ee728b) [PhysX] Initialized MultithreadedTaskDispatcher with 8 workers.
 -> (artifact id: 'a2ae983279afaf94617b21cb281a01a0') in 0.001075 seconds
Number of updated asset objects reloaded before import = 0
Number of asset objects unloaded after import = 0
========================================================================
Received Import Request.
  Time since last request: 209.916823 seconds.
  path: Assets/Materials 1/Wood.mat
  artifactKey: Guid(5f9cce0baa343eb4f8ae17b399260226) Importer(815301076,1909f56bfc062723c751e8b465ee728b)
Start importing Assets/Materials 1/Wood.mat using Guid(5f9cce0baa343eb4f8ae17b399260226) Importer(815301076,1909f56bfc062723c751e8b465ee728b) [PhysX] Initialized MultithreadedTaskDispatcher with 8 workers.
[PhysX] Initialized MultithreadedTaskDispatcher with 8 workers.
 -> (artifact id: '51d5420571519fdfd11026585b58ae59') in 0.026412 seconds
Number of updated asset objects reloaded before import = 0
Number of asset objects unloaded after import = 1
========================================================================
Received Import Request.
  Time since last request: 0.198619 seconds.
  path: Assets/Orcs Pack/Materials/weapon.mat
  artifactKey: Guid(24743cf700008456fb2f65da7e6cce6e) Importer(815301076,1909f56bfc062723c751e8b465ee728b)
Start importing Assets/Orcs Pack/Materials/weapon.mat using Guid(24743cf700008456fb2f65da7e6cce6e) Importer(815301076,1909f56bfc062723c751e8b465ee728b) [PhysX] Initialized MultithreadedTaskDispatcher with 8 workers.
[PhysX] Initialized MultithreadedTaskDispatcher with 8 workers.
 -> (artifact id: 'ef1e8eb6500ebeebbc4ddbdb717b6df3') in 0.063266 seconds
Number of updated asset objects reloaded before import = 0
Number of asset objects unloaded after import = 4
========================================================================
Received Import Request.
  Time since last request: 0.000034 seconds.
  path: Assets/AllSkyFree/_AllSkyFreeDemoEnvironment/Materials/TreeTrunk.mat
  artifactKey: Guid(2f225ce8f2fae4ea3b08c9298a6f25e4) Importer(815301076,1909f56bfc062723c751e8b465ee728b)
Start importing Assets/AllSkyFree/_AllSkyFreeDemoEnvironment/Materials/TreeTrunk.mat using Guid(2f225ce8f2fae4ea3b08c9298a6f25e4) Importer(815301076,1909f56bfc062723c751e8b465ee728b) [PhysX] Initialized MultithreadedTaskDispatcher with 8 workers.
[PhysX] Initialized MultithreadedTaskDispatcher with 8 workers.
 -> (artifact id: 'ebf7b396d03f372a4454cf6df3598283') in 0.068997 seconds
Number of updated asset objects reloaded before import = 0
Number of asset objects unloaded after import = 1
========================================================================
Received Import Request.
  Time since last request: 0.000045 seconds.
  path: Assets/NatureStarterKit2/Standard Assets/Effects/ToonShading/Materials/ToonBasicOutline.mat
  artifactKey: Guid(215977489d11178d11005b9844295342) Importer(815301076,1909f56bfc062723c751e8b465ee728b)
Start importing Assets/NatureStarterKit2/Standard Assets/Effects/ToonShading/Materials/ToonBasicOutline.mat using Guid(215977489d11178d11005b9844295342) Importer(815301076,1909f56bfc062723c751e8b465ee728b) [PhysX] Initialized MultithreadedTaskDispatcher with 8 workers.
[PhysX] Initialized MultithreadedTaskDispatcher with 8 workers.
 -> (artifact id: '93b1d26c4724f992b547865bbe6326ba') in 0.105358 seconds
Number of updated asset objects reloaded before import = 0
Number of asset objects unloaded after import = 3
========================================================================
Received Import Request.
  Time since last request: 0.000025 seconds.
  path: Assets/NatureStarterKit2/Standard Assets/Effects/ToonShading/Materials/ToonLit.mat
  artifactKey: Guid(c9e6294c9d11cb8d11006bf944295342) Importer(815301076,1909f56bfc062723c751e8b465ee728b)
Start importing Assets/NatureStarterKit2/Standard Assets/Effects/ToonShading/Materials/ToonLit.mat using Guid(c9e6294c9d11cb8d11006bf944295342) Importer(815301076,1909f56bfc062723c751e8b465ee728b) [PhysX] Initialized MultithreadedTaskDispatcher with 8 workers.
[PhysX] Initialized MultithreadedTaskDispatcher with 8 workers.
 -> (artifact id: '7e8d654930ce7d724d3217716b5013b0') in 0.210274 seconds
Number of updated asset objects reloaded before import = 0
Number of asset objects unloaded after import = 2
========================================================================
Received Import Request.
  Time since last request: 0.000058 seconds.
  path: Assets/Goblin/Goblin_model/Materials/text_kost_topor.mat
  artifactKey: Guid(91b65a4241635ef4daced9fe2085c33a) Importer(815301076,1909f56bfc062723c751e8b465ee728b)
Start importing Assets/Goblin/Goblin_model/Materials/text_kost_topor.mat using Guid(91b65a4241635ef4daced9fe2085c33a) Importer(815301076,1909f56bfc062723c751e8b465ee728b) [PhysX] Initialized MultithreadedTaskDispatcher with 8 workers.
[PhysX] Initialized MultithreadedTaskDispatcher with 8 workers.
 -> (artifact id: 'c6301b7c25a913009b7fb0ffba323e53') in 0.062746 seconds
Number of updated asset objects reloaded before import = 0
Number of asset objects unloaded after import = 3
========================================================================
Received Import Request.
  Time since last request: 0.000047 seconds.
  path: Assets/NatureStarterKit2/Standard Assets/Effects/ToonShading/Materials/ToonBasic.mat
  artifactKey: Guid(84b9e1d19d11078d11005b9844295342) Importer(815301076,1909f56bfc062723c751e8b465ee728b)
Start importing Assets/NatureStarterKit2/Standard Assets/Effects/ToonShading/Materials/ToonBasic.mat using Guid(84b9e1d19d11078d11005b9844295342) Importer(815301076,1909f56bfc062723c751e8b465ee728b) [PhysX] Initialized MultithreadedTaskDispatcher with 8 workers.
[PhysX] Initialized MultithreadedTaskDispatcher with 8 workers.
 -> (artifact id: 'f84ebb1e427a08ee3d9798a096bfe787') in 0.022209 seconds
Number of updated asset objects reloaded before import = 0
Number of asset objects unloaded after import = 2
========================================================================
Received Import Request.
  Time since last request: 0.000031 seconds.
  path: Assets/NatureStarterKit2/Standard Assets/Effects/TessellationShaders/Materials/TesselatedBumpSpecularSmooth.mat
  artifactKey: Guid(06893cec523208643a91b7a393737700) Importer(815301076,1909f56bfc062723c751e8b465ee728b)
Start importing Assets/NatureStarterKit2/Standard Assets/Effects/TessellationShaders/Materials/TesselatedBumpSpecularSmooth.mat using Guid(06893cec523208643a91b7a393737700) Importer(815301076,1909f56bfc062723c751e8b465ee728b) [PhysX] Initialized MultithreadedTaskDispatcher with 8 workers.
[PhysX] Initialized MultithreadedTaskDispatcher with 8 workers.
 -> (artifact id: 'a657e0c8b347d95d9b30ba127a8809cd') in 0.593782 seconds
Number of updated asset objects reloaded before import = 0
Number of asset objects unloaded after import = 1
========================================================================
Received Import Request.
  Time since last request: 0.000033 seconds.
  path: Assets/Goblin/Materials/text_kost_topor.mat
  artifactKey: Guid(c62f9e7bef191ea43b11d10f8080c2a7) Importer(815301076,1909f56bfc062723c751e8b465ee728b)
Start importing Assets/Goblin/Materials/text_kost_topor.mat using Guid(c62f9e7bef191ea43b11d10f8080c2a7) Importer(815301076,1909f56bfc062723c751e8b465ee728b) [PhysX] Initialized MultithreadedTaskDispatcher with 8 workers.
[PhysX] Initialized MultithreadedTaskDispatcher with 8 workers.
 -> (artifact id: '98a94c0c7dc4163719c7545bcbb16ca0') in 0.199391 seconds
Number of updated asset objects reloaded before import = 0
Number of asset objects unloaded after import = 2
========================================================================
Received Import Request.
  Time since last request: 0.000041 seconds.
  path: Assets/Orcs Pack/Materials/warriororc.mat
  artifactKey: Guid(6f071e5e496994666841ec62a37138f2) Importer(815301076,1909f56bfc062723c751e8b465ee728b)
Start importing Assets/Orcs Pack/Materials/warriororc.mat using Guid(6f071e5e496994666841ec62a37138f2) Importer(815301076,1909f56bfc062723c751e8b465ee728b) [PhysX] Initialized MultithreadedTaskDispatcher with 8 workers.
[PhysX] Initialized MultithreadedTaskDispatcher with 8 workers.
 -> (artifact id: 'faa1d401fdbe7e728d78e42855ddaf5c') in 0.422525 seconds
Number of updated asset objects reloaded before import = 0
Number of asset objects unloaded after import = 4
========================================================================
Received Import Request.
  Time since last request: 0.000029 seconds.
  path: Assets/Dark knight 2/Base mesh/Weapon/Materials/Sword2.mat
  artifactKey: Guid(394f01e79d477824e8e34e028034bb89) Importer(815301076,1909f56bfc062723c751e8b465ee728b)
Start importing Assets/Dark knight 2/Base mesh/Weapon/Materials/Sword2.mat using Guid(394f01e79d477824e8e34e028034bb89) Importer(815301076,1909f56bfc062723c751e8b465ee728b) [PhysX] Initialized MultithreadedTaskDispatcher with 8 workers.
[PhysX] Initialized MultithreadedTaskDispatcher with 8 workers.
 -> (artifact id: '602ae6270f35c04c2901e3975b605a93') in 0.024109 seconds
Number of updated asset objects reloaded before import = 0
Number of asset objects unloaded after import = 1
========================================================================
Received Import Request.
  Time since last request: 2.835521 seconds.
  path: Assets/Snow_mountain/snow_mountain/Materials/Snow_mountain_t1_2.mat
  artifactKey: Guid(68767cb0b84f2f646b8f841c92350840) Importer(815301076,1909f56bfc062723c751e8b465ee728b)
Start importing Assets/Snow_mountain/snow_mountain/Materials/Snow_mountain_t1_2.mat using Guid(68767cb0b84f2f646b8f841c92350840) Importer(815301076,1909f56bfc062723c751e8b465ee728b) [PhysX] Initialized MultithreadedTaskDispatcher with 8 workers.
[PhysX] Initialized MultithreadedTaskDispatcher with 8 workers.
 -> (artifact id: '92778ca7e46e335699561c1ffc4abd89') in 0.037405 seconds
Number of updated asset objects reloaded before import = 0
Number of asset objects unloaded after import = 3
========================================================================
Received Import Request.
  Time since last request: 145.446999 seconds.
  path: Assets/TextMesh Pro/Examples & Extras/Materials/Small Crate_diffuse.mat
  artifactKey: Guid(22262639920f43d6be32430e4e58350d) Importer(815301076,1909f56bfc062723c751e8b465ee728b)
Start importing Assets/TextMesh Pro/Examples & Extras/Materials/Small Crate_diffuse.mat using Guid(22262639920f43d6be32430e4e58350d) Importer(815301076,1909f56bfc062723c751e8b465ee728b) [PhysX] Initialized MultithreadedTaskDispatcher with 8 workers.
[PhysX] Initialized MultithreadedTaskDispatcher with 8 workers.
 -> (artifact id: '1ba4a3065ed0fe0bb0eeeea32407c85e') in 0.050918 seconds
Number of updated asset objects reloaded before import = 0
Number of asset objects unloaded after import = 3
========================================================================
Received Import Request.
  Time since last request: 0.261044 seconds.
  path: Assets/NatureStarterKit2/Materials/sky.mat
  artifactKey: Guid(7105c6e31fe1afc4b804e755b0561048) Importer(815301076,1909f56bfc062723c751e8b465ee728b)
Start importing Assets/NatureStarterKit2/Materials/sky.mat using Guid(7105c6e31fe1afc4b804e755b0561048) Importer(815301076,1909f56bfc062723c751e8b465ee728b) [PhysX] Initialized MultithreadedTaskDispatcher with 8 workers.
[PhysX] Initialized MultithreadedTaskDispatcher with 8 workers.
 -> (artifact id: 'abf630693393c7a252b5c6c2a14ba9f4') in 0.109691 seconds
Number of updated asset objects reloaded before import = 0
Number of asset objects unloaded after import = 1
========================================================================
Received Import Request.
  Time since last request: 50.300456 seconds.
  path: Assets/GrassFlowers/Demo
  artifactKey: Guid(90a98d1ca0ff3f34b817aee6ee27e766) Importer(815301076,1909f56bfc062723c751e8b465ee728b)
Start importing Assets/GrassFlowers/Demo using Guid(90a98d1ca0ff3f34b817aee6ee27e766) Importer(815301076,1909f56bfc062723c751e8b465ee728b) [PhysX] Initialized MultithreadedTaskDispatcher with 8 workers.
 -> (artifact id: '62b769f751f792cb80da20812007f910') in 0.000995 seconds
Number of updated asset objects reloaded before import = 0
Number of asset objects unloaded after import = 0
========================================================================
Received Import Request.
  Time since last request: 2.310245 seconds.
  path: Assets/NatureStarterKit2
  artifactKey: Guid(30f6aeed2a1034544bfc3b9458519bd7) Importer(815301076,1909f56bfc062723c751e8b465ee728b)
Start importing Assets/NatureStarterKit2 using Guid(30f6aeed2a1034544bfc3b9458519bd7) Importer(815301076,1909f56bfc062723c751e8b465ee728b) [PhysX] Initialized MultithreadedTaskDispatcher with 8 workers.
 -> (artifact id: '674eb61d7882df2f171f974b3afd2a01') in 0.000869 seconds
Number of updated asset objects reloaded before import = 0
Number of asset objects unloaded after import = 0
========================================================================
Received Import Request.
  Time since last request: 5.392142 seconds.
  path: Assets/NatureStarterKit2/Standard Assets
  artifactKey: Guid(9b8ade7eba1f7d343843ab9f870b877f) Importer(815301076,1909f56bfc062723c751e8b465ee728b)
Start importing Assets/NatureStarterKit2/Standard Assets using Guid(9b8ade7eba1f7d343843ab9f870b877f) Importer(815301076,1909f56bfc062723c751e8b465ee728b) [PhysX] Initialized MultithreadedTaskDispatcher with 8 workers.
 -> (artifact id: 'cbea361f3abb68a8b92088a50ac2384b') in 0.000948 seconds
Number of updated asset objects reloaded before import = 0
Number of asset objects unloaded after import = 0
========================================================================
Received Import Request.
  Time since last request: 2.067030 seconds.
  path: Assets/NatureStarterKit2/Textures
  artifactKey: Guid(bf05804e364574741af6579b8610f8ce) Importer(815301076,1909f56bfc062723c751e8b465ee728b)
Start importing Assets/NatureStarterKit2/Textures using Guid(bf05804e364574741af6579b8610f8ce) Importer(815301076,1909f56bfc062723c751e8b465ee728b) [PhysX] Initialized MultithreadedTaskDispatcher with 8 workers.
 -> (artifact id: 'ec1002a34262aba55086118a87de9e52') in 0.000894 seconds
Number of updated asset objects reloaded before import = 0
Number of asset objects unloaded after import = 0
========================================================================
Received Import Request.
  Time since last request: 0.073448 seconds.
  path: Assets/NatureStarterKit2/Textures/bark01.tga
  artifactKey: Guid(0b851eea454bcc74ebf763a1e97d7c2f) Importer(815301076,1909f56bfc062723c751e8b465ee728b)
Start importing Assets/NatureStarterKit2/Textures/bark01.tga using Guid(0b851eea454bcc74ebf763a1e97d7c2f) Importer(815301076,1909f56bfc062723c751e8b465ee728b) [PhysX] Initialized MultithreadedTaskDispatcher with 8 workers.
[PhysX] Initialized MultithreadedTaskDispatcher with 8 workers.
 -> (artifact id: 'fcb0287ca7a83b8ed999a76c4683f646') in 0.023606 seconds
Number of updated asset objects reloaded before import = 0
Number of asset objects unloaded after import = 2
========================================================================
Received Import Request.
  Time since last request: 0.000026 seconds.
  path: Assets/NatureStarterKit2/Textures/branch01.tga
  artifactKey: Guid(9dd29b2fd426d81459d6020818e420ac) Importer(815301076,1909f56bfc062723c751e8b465ee728b)
Start importing Assets/NatureStarterKit2/Textures/branch01.tga using Guid(9dd29b2fd426d81459d6020818e420ac) Importer(815301076,1909f56bfc062723c751e8b465ee728b) [PhysX] Initialized MultithreadedTaskDispatcher with 8 workers.
[PhysX] Initialized MultithreadedTaskDispatcher with 8 workers.
 -> (artifact id: '5a79a0506880e00fef560b8cc3c7a2f0') in 0.031994 seconds
Number of updated asset objects reloaded before import = 0
Number of asset objects unloaded after import = 2
========================================================================
Received Import Request.
  Time since last request: 0.000035 seconds.
  path: Assets/NatureStarterKit2/Textures/grass01.tga
  artifactKey: Guid(18023b893dedc2f41b2735582b22036c) Importer(815301076,1909f56bfc062723c751e8b465ee728b)
Start importing Assets/NatureStarterKit2/Textures/grass01.tga using Guid(18023b893dedc2f41b2735582b22036c) Importer(815301076,1909f56bfc062723c751e8b465ee728b) [PhysX] Initialized MultithreadedTaskDispatcher with 8 workers.
[PhysX] Initialized MultithreadedTaskDispatcher with 8 workers.
 -> (artifact id: 'ac35f91d4405474c4e6e166959290c9f') in 0.020123 seconds
Number of updated asset objects reloaded before import = 0
Number of asset objects unloaded after import = 2
========================================================================
Received Import Request.
  Time since last request: 0.000032 seconds.
  path: Assets/NatureStarterKit2/Textures/ground01.psd
  artifactKey: Guid(85cdb49f460bbf14a82b8ea1c20c07bc) Importer(815301076,1909f56bfc062723c751e8b465ee728b)
Start importing Assets/NatureStarterKit2/Textures/ground01.psd using Guid(85cdb49f460bbf14a82b8ea1c20c07bc) Importer(815301076,1909f56bfc062723c751e8b465ee728b) [PhysX] Initialized MultithreadedTaskDispatcher with 8 workers.
[PhysX] Initialized MultithreadedTaskDispatcher with 8 workers.
 -> (artifact id: 'c67ff652d92545cbb67211ba7bfdf4ae') in 0.028095 seconds
Number of updated asset objects reloaded before import = 0
Number of asset objects unloaded after import = 2
========================================================================
Received Import Request.
  Time since last request: 0.007123 seconds.
  path: Assets/NatureStarterKit2/Textures/ground03.tga
  artifactKey: Guid(5edd0aaa57578b84da829c036eecf914) Importer(815301076,1909f56bfc062723c751e8b465ee728b)
Start importing Assets/NatureStarterKit2/Textures/ground03.tga using Guid(5edd0aaa57578b84da829c036eecf914) Importer(815301076,1909f56bfc062723c751e8b465ee728b) [PhysX] Initialized MultithreadedTaskDispatcher with 8 workers.
[PhysX] Initialized MultithreadedTaskDispatcher with 8 workers.
 -> (artifact id: '3b56139deb80dec6a97cbbd6a23a55a5') in 0.032837 seconds
Number of updated asset objects reloaded before import = 0
Number of asset objects unloaded after import = 2
========================================================================
Received Import Request.
  Time since last request: 0.000025 seconds.
  path: Assets/NatureStarterKit2/Textures/sky.tga
  artifactKey: Guid(566cada353cad2441ba7b045c8ea1a79) Importer(815301076,1909f56bfc062723c751e8b465ee728b)
Start importing Assets/NatureStarterKit2/Textures/sky.tga using Guid(566cada353cad2441ba7b045c8ea1a79) Importer(815301076,1909f56bfc062723c751e8b465ee728b) [PhysX] Initialized MultithreadedTaskDispatcher with 8 workers.
[PhysX] Initialized MultithreadedTaskDispatcher with 8 workers.
[PhysX] Initialized MultithreadedTaskDispatcher with 8 workers.
 -> (artifact id: 'e18808c41e4c76c5f965a30f8d9c6e96') in 0.041468 seconds
Number of updated asset objects reloaded before import = 0
Number of asset objects unloaded after import = 1
========================================================================
Received Import Request.
  Time since last request: 2.193231 seconds.
  path: Assets/NatureStarterKit2/Materials
  artifactKey: Guid(a65db9a3b1e0d314e8f7ad353924c22e) Importer(815301076,1909f56bfc062723c751e8b465ee728b)
Start importing Assets/NatureStarterKit2/Materials using Guid(a65db9a3b1e0d314e8f7ad353924c22e) Importer(815301076,1909f56bfc062723c751e8b465ee728b) [PhysX] Initialized MultithreadedTaskDispatcher with 8 workers.
 -> (artifact id: '0fc20e6d0cb37882929429588e001ce8') in 0.001170 seconds
Number of updated asset objects reloaded before import = 0
Number of asset objects unloaded after import = 0
========================================================================
Received Import Request.
  Time since last request: 0.096666 seconds.
  path: Assets/NatureStarterKit2/Materials/bark01.mat
  artifactKey: Guid(429dd90a38598a6439cac85af03f10df) Importer(815301076,1909f56bfc062723c751e8b465ee728b)
Start importing Assets/NatureStarterKit2/Materials/bark01.mat using Guid(429dd90a38598a6439cac85af03f10df) Importer(815301076,1909f56bfc062723c751e8b465ee728b) [PhysX] Initialized MultithreadedTaskDispatcher with 8 workers.
[PhysX] Initialized MultithreadedTaskDispatcher with 8 workers.
 -> (artifact id: '89094a65ddf992c7b54ba410aaf0a70d') in 0.470210 seconds
Number of updated asset objects reloaded before import = 0
Number of asset objects unloaded after import = 2
========================================================================
Received Import Request.
  Time since last request: 0.000041 seconds.
  path: Assets/NatureStarterKit2/Materials/branch02.mat
  artifactKey: Guid(a907919643f983d49835ca9a994e37d4) Importer(815301076,1909f56bfc062723c751e8b465ee728b)
Start importing Assets/NatureStarterKit2/Materials/branch02.mat using Guid(a907919643f983d49835ca9a994e37d4) Importer(815301076,1909f56bfc062723c751e8b465ee728b) [PhysX] Initialized MultithreadedTaskDispatcher with 8 workers.
[PhysX] Initialized MultithreadedTaskDispatcher with 8 workers.
 -> (artifact id: '9b51ede0571070e5091f52e0dc3f95de') in 0.365646 seconds
Number of updated asset objects reloaded before import = 0
Number of asset objects unloaded after import = 2
========================================================================
Received Import Request.
  Time since last request: 0.000034 seconds.
  path: Assets/NatureStarterKit2/Materials/bush02.mat
  artifactKey: Guid(42375d2e1d7b61744887ddc5186b7605) Importer(815301076,1909f56bfc062723c751e8b465ee728b)
Start importing Assets/NatureStarterKit2/Materials/bush02.mat using Guid(42375d2e1d7b61744887ddc5186b7605) Importer(815301076,1909f56bfc062723c751e8b465ee728b) [PhysX] Initialized MultithreadedTaskDispatcher with 8 workers.
[PhysX] Initialized MultithreadedTaskDispatcher with 8 workers.
 -> (artifact id: '49e14ab2b8ecef3f1d1298ac29b41bb7') in 0.024811 seconds
Number of updated asset objects reloaded before import = 0
Number of asset objects unloaded after import = 2
========================================================================
Received Import Request.
  Time since last request: 0.964698 seconds.
  path: Assets/NatureStarterKit2/Editor
  artifactKey: Guid(7f6f4ece5f1d6844095e8ec0361e7068) Importer(815301076,1909f56bfc062723c751e8b465ee728b)
Start importing Assets/NatureStarterKit2/Editor using Guid(7f6f4ece5f1d6844095e8ec0361e7068) Importer(815301076,1909f56bfc062723c751e8b465ee728b) [PhysX] Initialized MultithreadedTaskDispatcher with 8 workers.
 -> (artifact id: '17ce2e781c499bdb3ef31d422074d0c4') in 0.000969 seconds
Number of updated asset objects reloaded before import = 0
Number of asset objects unloaded after import = 0
========================================================================
Received Import Request.
  Time since last request: 1.311443 seconds.
  path: Assets/NatureStarterKit2/Animations
  artifactKey: Guid(4ae0bd7c44f817242b18bea6a106f2c5) Importer(815301076,1909f56bfc062723c751e8b465ee728b)
Start importing Assets/NatureStarterKit2/Animations using Guid(4ae0bd7c44f817242b18bea6a106f2c5) Importer(815301076,1909f56bfc062723c751e8b465ee728b) [PhysX] Initialized MultithreadedTaskDispatcher with 8 workers.
 -> (artifact id: '170cc8964bb320af8b44b9c73d34b8d1') in 0.000964 seconds
Number of updated asset objects reloaded before import = 0
Number of asset objects unloaded after import = 0
========================================================================
Received Import Request.
  Time since last request: 0.961939 seconds.
  path: Assets/NatureStarterKit2/Nature
  artifactKey: Guid(021c6f6f5587fce4fa4829fa5ddc3bba) Importer(815301076,1909f56bfc062723c751e8b465ee728b)
Start importing Assets/NatureStarterKit2/Nature using Guid(021c6f6f5587fce4fa4829fa5ddc3bba) Importer(815301076,1909f56bfc062723c751e8b465ee728b) [PhysX] Initialized MultithreadedTaskDispatcher with 8 workers.
 -> (artifact id: 'a24d35e88e86f0fe66fc8f9e8dcbb85c') in 0.000902 seconds
Number of updated asset objects reloaded before import = 0
Number of asset objects unloaded after import = 0
========================================================================
Received Import Request.
  Time since last request: 0.046755 seconds.
  path: Assets/NatureStarterKit2/Nature/bush02.prefab
  artifactKey: Guid(ec78ebca7517fb745a45a931cb06d2bd) Importer(815301076,1909f56bfc062723c751e8b465ee728b)
Start importing Assets/NatureStarterKit2/Nature/bush02.prefab using Guid(ec78ebca7517fb745a45a931cb06d2bd) Importer(815301076,1909f56bfc062723c751e8b465ee728b) [PhysX] Initialized MultithreadedTaskDispatcher with 8 workers.
[PhysX] Initialized MultithreadedTaskDispatcher with 8 workers.
[PhysX] Initialized MultithreadedTaskDispatcher with 8 workers.
[PhysX] Initialized MultithreadedTaskDispatcher with 8 workers.
[PhysX] Initialized MultithreadedTaskDispatcher with 8 workers.
 -> (artifact id: 'a1a96f5d77a95021289aff4806da821f') in 0.145277 seconds
Number of updated asset objects reloaded before import = 0
Number of asset objects unloaded after import = 19
========================================================================
Received Import Request.
  Time since last request: 0.000028 seconds.
  path: Assets/NatureStarterKit2/Nature/bush06.prefab
  artifactKey: Guid(f62058cb710fd1745a24102fff0edd46) Importer(815301076,1909f56bfc062723c751e8b465ee728b)
Start importing Assets/NatureStarterKit2/Nature/bush06.prefab using Guid(f62058cb710fd1745a24102fff0edd46) Importer(815301076,1909f56bfc062723c751e8b465ee728b) [PhysX] Initialized MultithreadedTaskDispatcher with 8 workers.
[PhysX] Initialized MultithreadedTaskDispatcher with 8 workers.
[PhysX] Initialized MultithreadedTaskDispatcher with 8 workers.
[PhysX] Initialized MultithreadedTaskDispatcher with 8 workers.
[PhysX] Initialized MultithreadedTaskDispatcher with 8 workers.
 -> (artifact id: 'cf3402fdfc1d579a94c2eb54146632a7') in 0.076310 seconds
Number of updated asset objects reloaded before import = 0
Number of asset objects unloaded after import = 19
========================================================================
Received Import Request.
  Time since last request: 0.000035 seconds.
  path: Assets/NatureStarterKit2/Nature/bush04.prefab
  artifactKey: Guid(d15b44addf30da74f946086ec0aa993c) Importer(815301076,1909f56bfc062723c751e8b465ee728b)
Start importing Assets/NatureStarterKit2/Nature/bush04.prefab using Guid(d15b44addf30da74f946086ec0aa993c) Importer(815301076,1909f56bfc062723c751e8b465ee728b) [PhysX] Initialized MultithreadedTaskDispatcher with 8 workers.
[PhysX] Initialized MultithreadedTaskDispatcher with 8 workers.
[PhysX] Initialized MultithreadedTaskDispatcher with 8 workers.
[PhysX] Initialized MultithreadedTaskDispatcher with 8 workers.
[PhysX] Initialized MultithreadedTaskDispatcher with 8 workers.
 -> (artifact id: '4a064ed548bf25b99dec0c31cb4545dc') in 0.053789 seconds
Number of updated asset objects reloaded before import = 0
Number of asset objects unloaded after import = 19
========================================================================
Received Import Request.
  Time since last request: 8.073632 seconds.
  path: Assets/Materials/black.mat
  artifactKey: Guid(a1065e19165ec264f9ca3fbaa328e424) Importer(815301076,1909f56bfc062723c751e8b465ee728b)
Start importing Assets/Materials/black.mat using Guid(a1065e19165ec264f9ca3fbaa328e424) Importer(815301076,1909f56bfc062723c751e8b465ee728b) [PhysX] Initialized MultithreadedTaskDispatcher with 8 workers.
[PhysX] Initialized MultithreadedTaskDispatcher with 8 workers.
 -> (artifact id: 'ec0ca25e4f562be28d1217afdaf6f139') in 0.020197 seconds
Number of updated asset objects reloaded before import = 0
Number of asset objects unloaded after import = 1
========================================================================
Received Import Request.
  Time since last request: 0.000027 seconds.
  path: Assets/Materials/Green.mat
  artifactKey: Guid(ffd868ec89f077045815ea2f6f778c95) Importer(815301076,1909f56bfc062723c751e8b465ee728b)
Start importing Assets/Materials/Green.mat using Guid(ffd868ec89f077045815ea2f6f778c95) Importer(815301076,1909f56bfc062723c751e8b465ee728b) [PhysX] Initialized MultithreadedTaskDispatcher with 8 workers.
[PhysX] Initialized MultithreadedTaskDispatcher with 8 workers.
 -> (artifact id: 'c70a7b5d6d5af6597cac25c3e4357947') in 0.024766 seconds
Number of updated asset objects reloaded before import = 0
Number of asset objects unloaded after import = 1
========================================================================
Received Import Request.
  Time since last request: 3.765215 seconds.
  path: Assets/InfinitaStudio - Mountains/Prefabs
  artifactKey: Guid(5b11314895be37e4c91207c923f0e541) Importer(815301076,1909f56bfc062723c751e8b465ee728b)
Start importing Assets/InfinitaStudio - Mountains/Prefabs using Guid(5b11314895be37e4c91207c923f0e541) Importer(815301076,1909f56bfc062723c751e8b465ee728b) [PhysX] Initialized MultithreadedTaskDispatcher with 8 workers.
 -> (artifact id: 'edc1b6829191df5a4105f07eaf40b881') in 0.001163 seconds
Number of updated asset objects reloaded before import = 0
Number of asset objects unloaded after import = 0
========================================================================
Received Import Request.
  Time since last request: 0.938616 seconds.
  path: Assets/InfinitaStudio - Mountains/Prefabs/Obj
  artifactKey: Guid(c0fa6dd5c2b1ea646a7346710308813d) Importer(815301076,1909f56bfc062723c751e8b465ee728b)
Start importing Assets/InfinitaStudio - Mountains/Prefabs/Obj using Guid(c0fa6dd5c2b1ea646a7346710308813d) Importer(815301076,1909f56bfc062723c751e8b465ee728b) [PhysX] Initialized MultithreadedTaskDispatcher with 8 workers.
 -> (artifact id: 'c0b5afd4cb963647c69177d7b04ba458') in 0.000905 seconds
Number of updated asset objects reloaded before import = 0
Number of asset objects unloaded after import = 0
========================================================================
Received Import Request.
  Time since last request: 0.113558 seconds.
  path: Assets/InfinitaStudio - Mountains/Prefabs/Obj/mountain_canyon_01.prefab
  artifactKey: Guid(214de7dc16249324db357bf6519b54af) Importer(815301076,1909f56bfc062723c751e8b465ee728b)
Start importing Assets/InfinitaStudio - Mountains/Prefabs/Obj/mountain_canyon_01.prefab using Guid(214de7dc16249324db357bf6519b54af) Importer(815301076,1909f56bfc062723c751e8b465ee728b) [PhysX] Initialized MultithreadedTaskDispatcher with 8 workers.
[PhysX] Initialized MultithreadedTaskDispatcher with 8 workers.
 -> (artifact id: 'd814be9c1b61f471bc14f29207ffc66a') in 0.051607 seconds
Number of updated asset objects reloaded before import = 0
Number of asset objects unloaded after import = 12
========================================================================
Received Import Request.
  Time since last request: 0.000030 seconds.
  path: Assets/InfinitaStudio - Mountains/Prefabs/Obj/mountain_canyon_05.prefab
  artifactKey: Guid(2c7f485a067bff74db05d7368b770469) Importer(815301076,1909f56bfc062723c751e8b465ee728b)
Start importing Assets/InfinitaStudio - Mountains/Prefabs/Obj/mountain_canyon_05.prefab using Guid(2c7f485a067bff74db05d7368b770469) Importer(815301076,1909f56bfc062723c751e8b465ee728b) [PhysX] Initialized MultithreadedTaskDispatcher with 8 workers.
[PhysX] Initialized MultithreadedTaskDispatcher with 8 workers.
 -> (artifact id: '47807ad899b5814677628589a03aceef') in 0.032692 seconds
Number of updated asset objects reloaded before import = 0
Number of asset objects unloaded after import = 12
========================================================================
Received Import Request.
  Time since last request: 0.000033 seconds.
  path: Assets/InfinitaStudio - Mountains/Prefabs/Obj/mountain_canyon_03.prefab
  artifactKey: Guid(3b2f560dc059d4441921a0855afbcc03) Importer(815301076,1909f56bfc062723c751e8b465ee728b)
Start importing Assets/InfinitaStudio - Mountains/Prefabs/Obj/mountain_canyon_03.prefab using Guid(3b2f560dc059d4441921a0855afbcc03) Importer(815301076,1909f56bfc062723c751e8b465ee728b) [PhysX] Initialized MultithreadedTaskDispatcher with 8 workers.
[PhysX] Initialized MultithreadedTaskDispatcher with 8 workers.
 -> (artifact id: '220a0ce267cf7dbe7507153c5525ec5b') in 0.056969 seconds
Number of updated asset objects reloaded before import = 0
Number of asset objects unloaded after import = 12
========================================================================
Received Import Request.
  Time since last request: 26.537828 seconds.
  path: Assets/InfinitaStudio - Mountains/Obj/Materials/mountain_02.mat
  artifactKey: Guid(2edd491d1dc0abb4bb1ddc0cfcacfe72) Importer(815301076,1909f56bfc062723c751e8b465ee728b)
Start importing Assets/InfinitaStudio - Mountains/Obj/Materials/mountain_02.mat using Guid(2edd491d1dc0abb4bb1ddc0cfcacfe72) Importer(815301076,1909f56bfc062723c751e8b465ee728b) [PhysX] Initialized MultithreadedTaskDispatcher with 8 workers.
[PhysX] Initialized MultithreadedTaskDispatcher with 8 workers.
 -> (artifact id: '3356286ff19af7b31cd768e024c5449f') in 0.026452 seconds
Number of updated asset objects reloaded before import = 0
Number of asset objects unloaded after import = 3
========================================================================
Received Import Request.
  Time since last request: 0.000031 seconds.
  path: Assets/InfinitaStudio - Mountains/Obj/Materials/mountain_03.mat
  artifactKey: Guid(5690301a056eb7141b07f4ff7c3d8e93) Importer(815301076,1909f56bfc062723c751e8b465ee728b)
Start importing Assets/InfinitaStudio - Mountains/Obj/Materials/mountain_03.mat using Guid(5690301a056eb7141b07f4ff7c3d8e93) Importer(815301076,1909f56bfc062723c751e8b465ee728b) [PhysX] Initialized MultithreadedTaskDispatcher with 8 workers.
[PhysX] Initialized MultithreadedTaskDispatcher with 8 workers.
 -> (artifact id: '2e5223e2163dc7881921ba1cff32c725') in 0.032309 seconds
Number of updated asset objects reloaded before import = 0
Number of asset objects unloaded after import = 3
========================================================================
Received Import Request.
  Time since last request: 0.000023 seconds.
  path: Assets/Snow Mountain/Materials/mountain_Snow_000.mat
  artifactKey: Guid(0060a88cd6252a146aeb6a9652d03869) Importer(815301076,1909f56bfc062723c751e8b465ee728b)
Start importing Assets/Snow Mountain/Materials/mountain_Snow_000.mat using Guid(0060a88cd6252a146aeb6a9652d03869) Importer(815301076,1909f56bfc062723c751e8b465ee728b) [PhysX] Initialized MultithreadedTaskDispatcher with 8 workers.
[PhysX] Initialized MultithreadedTaskDispatcher with 8 workers.
 -> (artifact id: '67343b15112cb9181278052f699eab14') in 0.130711 seconds
Number of updated asset objects reloaded before import = 0
Number of asset objects unloaded after import = 3
========================================================================
Received Import Request.
  Time since last request: 0.000046 seconds.
  path: Assets/InfinitaStudio - Mountains/Fbx/Materials/mountain_03_diffuse.mat
  artifactKey: Guid(6f5c6b68b7fc95742b4cb50b531bcf6f) Importer(815301076,1909f56bfc062723c751e8b465ee728b)
Start importing Assets/InfinitaStudio - Mountains/Fbx/Materials/mountain_03_diffuse.mat using Guid(6f5c6b68b7fc95742b4cb50b531bcf6f) Importer(815301076,1909f56bfc062723c751e8b465ee728b) [PhysX] Initialized MultithreadedTaskDispatcher with 8 workers.
[PhysX] Initialized MultithreadedTaskDispatcher with 8 workers.
 -> (artifact id: 'c025004343a3883b4b30b52989e1ebd1') in 0.031611 seconds
Number of updated asset objects reloaded before import = 0
Number of asset objects unloaded after import = 2
========================================================================
Received Import Request.
  Time since last request: 0.345271 seconds.
  path: Assets/AllSkyFree/Night MoonBurst/Night Moon Burst.mat
  artifactKey: Guid(c494c335823f54b52b2e87e1b7a63a23) Importer(815301076,1909f56bfc062723c751e8b465ee728b)
Start importing Assets/AllSkyFree/Night MoonBurst/Night Moon Burst.mat using Guid(c494c335823f54b52b2e87e1b7a63a23) Importer(815301076,1909f56bfc062723c751e8b465ee728b) [PhysX] Initialized MultithreadedTaskDispatcher with 8 workers.
[PhysX] Initialized MultithreadedTaskDispatcher with 8 workers.
 -> (artifact id: '64d458e231bdaa2d3c4a6ba52082cd6b') in 0.304866 seconds
Number of updated asset objects reloaded before import = 0
Number of asset objects unloaded after import = 7
========================================================================
Received Import Request.
  Time since last request: 0.000028 seconds.
  path: Assets/Coconut Palm Tree Pack/Prefabs/TreeCreatorEditable/Coconut_Palm_Tree02.prefab
  artifactKey: Guid(84f582d01d32d3b42907ae29f9cc588e) Importer(815301076,1909f56bfc062723c751e8b465ee728b)
Start importing Assets/Coconut Palm Tree Pack/Prefabs/TreeCreatorEditable/Coconut_Palm_Tree02.prefab using Guid(84f582d01d32d3b42907ae29f9cc588e) Importer(815301076,1909f56bfc062723c751e8b465ee728b) [PhysX] Initialized MultithreadedTaskDispatcher with 8 workers.
[PhysX] Initialized MultithreadedTaskDispatcher with 8 workers.
[PhysX] Initialized MultithreadedTaskDispatcher with 8 workers.
[PhysX] Initialized MultithreadedTaskDispatcher with 8 workers.
[PhysX] Initialized MultithreadedTaskDispatcher with 8 workers.
 -> (artifact id: '1266cb191014a61775b80cb02eb65600') in 0.061637 seconds
Number of updated asset objects reloaded before import = 0
Number of asset objects unloaded after import = 33
========================================================================
Received Import Request.
  Time since last request: 0.000045 seconds.
  path: Assets/Coconut Palm Tree Pack/Prefabs/TreeCreatorEditable/Coconut_Palm_Tree09.prefab
  artifactKey: Guid(f84c94350c56b594082c07f8ef831fbe) Importer(815301076,1909f56bfc062723c751e8b465ee728b)
Start importing Assets/Coconut Palm Tree Pack/Prefabs/TreeCreatorEditable/Coconut_Palm_Tree09.prefab using Guid(f84c94350c56b594082c07f8ef831fbe) Importer(815301076,1909f56bfc062723c751e8b465ee728b) [PhysX] Initialized MultithreadedTaskDispatcher with 8 workers.
[PhysX] Initialized MultithreadedTaskDispatcher with 8 workers.
[PhysX] Initialized MultithreadedTaskDispatcher with 8 workers.
[PhysX] Initialized MultithreadedTaskDispatcher with 8 workers.
[PhysX] Initialized MultithreadedTaskDispatcher with 8 workers.
 -> (artifact id: '435d55264d4bc315f23095c94628e5ce') in 0.050877 seconds
Number of updated asset objects reloaded before import = 0
Number of asset objects unloaded after import = 31
========================================================================
Received Import Request.
  Time since last request: 0.000027 seconds.
  path: Assets/Coconut Palm Tree Pack/Prefabs/TreeCreatorEditable/Coconut_Palm_Tree08.prefab
  artifactKey: Guid(e575a0aa287f92f4c8d8b935845f7780) Importer(815301076,1909f56bfc062723c751e8b465ee728b)
Start importing Assets/Coconut Palm Tree Pack/Prefabs/TreeCreatorEditable/Coconut_Palm_Tree08.prefab using Guid(e575a0aa287f92f4c8d8b935845f7780) Importer(815301076,1909f56bfc062723c751e8b465ee728b) [PhysX] Initialized MultithreadedTaskDispatcher with 8 workers.
[PhysX] Initialized MultithreadedTaskDispatcher with 8 workers.
[PhysX] Initialized MultithreadedTaskDispatcher with 8 workers.
[PhysX] Initialized MultithreadedTaskDispatcher with 8 workers.
[PhysX] Initialized MultithreadedTaskDispatcher with 8 workers.
 -> (artifact id: '203eef8a55365d8978a86125c31475cc') in 0.054337 seconds
Number of updated asset objects reloaded before import = 0
Number of asset objects unloaded after import = 31
========================================================================
Received Import Request.
  Time since last request: 0.000025 seconds.
  path: Assets/Coconut Palm Tree Pack/Prefabs/TreeCreatorEditable/Coconut_Palm_Tree07.prefab
  artifactKey: Guid(cd04206a30c78e84fbc449686e6b254c) Importer(815301076,1909f56bfc062723c751e8b465ee728b)
Start importing Assets/Coconut Palm Tree Pack/Prefabs/TreeCreatorEditable/Coconut_Palm_Tree07.prefab using Guid(cd04206a30c78e84fbc449686e6b254c) Importer(815301076,1909f56bfc062723c751e8b465ee728b) [PhysX] Initialized MultithreadedTaskDispatcher with 8 workers.
[PhysX] Initialized MultithreadedTaskDispatcher with 8 workers.
[PhysX] Initialized MultithreadedTaskDispatcher with 8 workers.
[PhysX] Initialized MultithreadedTaskDispatcher with 8 workers.
[PhysX] Initialized MultithreadedTaskDispatcher with 8 workers.
 -> (artifact id: '20a7976a80d269baf489df8c506ddb6a') in 0.054557 seconds
Number of updated asset objects reloaded before import = 0
Number of asset objects unloaded after import = 31
========================================================================
Received Import Request.
  Time since last request: 0.000027 seconds.
  path: Assets/Coconut Palm Tree Pack/Prefabs/TreeCreatorEditable/Coconut_Palm_Tree06.prefab
  artifactKey: Guid(fa685d05f0ae3cd46b1a25ad845962f6) Importer(815301076,1909f56bfc062723c751e8b465ee728b)
Start importing Assets/Coconut Palm Tree Pack/Prefabs/TreeCreatorEditable/Coconut_Palm_Tree06.prefab using Guid(fa685d05f0ae3cd46b1a25ad845962f6) Importer(815301076,1909f56bfc062723c751e8b465ee728b) [PhysX] Initialized MultithreadedTaskDispatcher with 8 workers.
[PhysX] Initialized MultithreadedTaskDispatcher with 8 workers.
[PhysX] Initialized MultithreadedTaskDispatcher with 8 workers.
[PhysX] Initialized MultithreadedTaskDispatcher with 8 workers.
[PhysX] Initialized MultithreadedTaskDispatcher with 8 workers.
 -> (artifact id: '0f28352f2e6a54084a8355c3e37ca184') in 0.062910 seconds
Number of updated asset objects reloaded before import = 0
Number of asset objects unloaded after import = 31
========================================================================
Received Import Request.
  Time since last request: 263.281932 seconds.
  path: Assets/InfinitaStudio - Mountains/Prefabs/Obj/mountain_canyon_01.prefab
  artifactKey: Guid(214de7dc16249324db357bf6519b54af) Importer(815301076,1909f56bfc062723c751e8b465ee728b)
Start importing Assets/InfinitaStudio - Mountains/Prefabs/Obj/mountain_canyon_01.prefab using Guid(214de7dc16249324db357bf6519b54af) Importer(815301076,1909f56bfc062723c751e8b465ee728b) [PhysX] Initialized MultithreadedTaskDispatcher with 8 workers.
[PhysX] Initialized MultithreadedTaskDispatcher with 8 workers.
 -> (artifact id: '9025c57c4f8ba6c4c7389280fd94e5c8') in 0.045983 seconds
Number of updated asset objects reloaded before import = 0
Number of asset objects unloaded after import = 12
